Compiling the CXX compiler identification source file "CMakeCXXCompilerId.cpp" failed.
Compiler: /usr/bin/c++ 
Build flags: ;-g;-WALL;-O3;-std=c++11
Id flags:  

The output was:
1
c++: error: unrecognized command-line option ‘-WALL’


Compiling the CXX compiler identification source file "CMakeCXXCompilerId.cpp" failed.
Compiler: /usr/bin/c++ 
Build flags: ;-g;-WALL;-O3;-std=c++11
Id flags: -c 

The output was:
1
c++: error: unrecognized command-line option ‘-WALL’


Compiling the CXX compiler identification source file "CMakeCXXCompilerId.cpp" failed.
Compiler: /usr/bin/c++ 
Build flags: ;-g;-WALL;-O3;-std=c++11
Id flags: --c++ 

The output was:
1
c++: error: unrecognized command-line option ‘-WALL’
c++: error: unrecognized command-line option ‘--c++’


Compiling the CXX compiler identification source file "CMakeCXXCompilerId.cpp" failed.
Compiler: /usr/bin/c++ 
Build flags: ;-g;-WALL;-O3;-std=c++11
Id flags: --ec++ 

The output was:
1
c++: error: unrecognized command-line option ‘-WALL’
c++: error: unrecognized command-line option ‘--ec++’; did you mean ‘-Weffc++’?


Compiling the CXX compiler identification source file "CMakeCXXCompilerId.cpp" failed.
Compiler: /usr/bin/c++ 
Build flags: ;-g;-WALL;-O3;-std=c++11
Id flags: --target=arm-arm-none-eabi;-mcpu=cortex-m3 

The output was:
1
c++: warning: ‘-mcpu=’ is deprecated; use ‘-mtune=’ or ‘-march=’ instead
c++: error: unrecognized command-line option ‘-WALL’
c++: error: unrecognized command-line option ‘--target=arm-arm-none-eabi’


Compiling the CXX compiler identification source file "CMakeCXXCompilerId.cpp" failed.
Compiler: /usr/bin/c++ 
Build flags: ;-g;-WALL;-O3;-std=c++11
Id flags: -c;-I__does_not_exist__ 

The output was:
1
c++: error: unrecognized command-line option ‘-WALL’


Detecting CXX compiler ABI info failed to compile with the following output:
Change Dir: /home/bearkiller/dev/CLE/General Problems/single-threaded/CMakeFiles/CMakeTmp

Run Build Command(s):/usr/bin/make -f Makefile cmTC_26c21/fast && /usr/bin/make  -f CMakeFiles/cmTC_26c21.dir/build.make CMakeFiles/cmTC_26c21.dir/build
make[1]: Entering directory '/home/bearkiller/dev/CLE/General Problems/single-threaded/CMakeFiles/CMakeTmp'
Building CXX object CMakeFiles/cmTC_26c21.dir/CMakeCXXCompilerABI.cpp.o
/usr/bin/c++   -g -WALL -O3 -std=c++11    -v -o CMakeFiles/cmTC_26c21.dir/CMakeCXXCompilerABI.cpp.o -c /usr/share/cmake/Modules/CMakeCXXCompilerABI.cpp
Using built-in specs.
COLLECT_GCC=/usr/bin/c++
c++: error: unrecognized command-line option '-WALL'
Target: x86_64-pc-linux-gnu
Configured with: /build/gcc/src/gcc/configure --enable-languages=c,c++,ada,fortran,go,lto,objc,obj-c++,d --enable-bootstrap --prefix=/usr --libdir=/usr/lib --libexecdir=/usr/lib --mandir=/usr/share/man --infodir=/usr/share/info --with-bugurl=https://bugs.archlinux.org/ --with-linker-hash-style=gnu --with-system-zlib --enable-__cxa_atexit --enable-cet=auto --enable-checking=release --enable-clocale=gnu --enable-default-pie --enable-default-ssp --enable-gnu-indirect-function --enable-gnu-unique-object --enable-linker-build-id --enable-lto --enable-multilib --enable-plugin --enable-shared --enable-threads=posix --disable-libssp --disable-libstdcxx-pch --disable-werror --with-build-config=bootstrap-lto --enable-link-serialization=1 gdc_include_dir=/usr/include/dlang/gdc
Thread model: posix
Supported LTO compression algorithms: zlib zstd
gcc version 11.2.0 (GCC) 
make[1]: *** [CMakeFiles/cmTC_26c21.dir/build.make:78: CMakeFiles/cmTC_26c21.dir/CMakeCXXCompilerABI.cpp.o] Error 1
make[1]: Leaving directory '/home/bearkiller/dev/CLE/General Problems/single-threaded/CMakeFiles/CMakeTmp'
make: *** [Makefile:127: cmTC_26c21/fast] Error 2




Determining if the CXX compiler works failed with the following output:
Change Dir: /home/bearkiller/dev/CLE/General Problems/single-threaded/CMakeFiles/CMakeTmp

Run Build Command(s):/usr/bin/make -f Makefile cmTC_9aeb3/fast && /usr/bin/make  -f CMakeFiles/cmTC_9aeb3.dir/build.make CMakeFiles/cmTC_9aeb3.dir/build
make[1]: Entering directory '/home/bearkiller/dev/CLE/General Problems/single-threaded/CMakeFiles/CMakeTmp'
Building CXX object CMakeFiles/cmTC_9aeb3.dir/testCXXCompiler.cxx.o
/usr/bin/c++   -g -WALL -O3 -std=c++11  -o CMakeFiles/cmTC_9aeb3.dir/testCXXCompiler.cxx.o -c "/home/bearkiller/dev/CLE/General Problems/single-threaded/CMakeFiles/CMakeTmp/testCXXCompiler.cxx"
c++: error: unrecognized command-line option ‘-WALL’
make[1]: *** [CMakeFiles/cmTC_9aeb3.dir/build.make:78: CMakeFiles/cmTC_9aeb3.dir/testCXXCompiler.cxx.o] Error 1
make[1]: Leaving directory '/home/bearkiller/dev/CLE/General Problems/single-threaded/CMakeFiles/CMakeTmp'
make: *** [Makefile:127: cmTC_9aeb3/fast] Error 2



Compiling the CXX compiler identification source file "CMakeCXXCompilerId.cpp" failed.
Compiler: /usr/bin/c++ 
Build flags: ;-g;-WALL;-O3;-std=c++11
Id flags:  

The output was:
1
c++: error: unrecognized command-line option ‘-WALL’


Compiling the CXX compiler identification source file "CMakeCXXCompilerId.cpp" failed.
Compiler: /usr/bin/c++ 
Build flags: ;-g;-WALL;-O3;-std=c++11
Id flags: -c 

The output was:
1
c++: error: unrecognized command-line option ‘-WALL’


Compiling the CXX compiler identification source file "CMakeCXXCompilerId.cpp" failed.
Compiler: /usr/bin/c++ 
Build flags: ;-g;-WALL;-O3;-std=c++11
Id flags: --c++ 

The output was:
1
c++: error: unrecognized command-line option ‘-WALL’
c++: error: unrecognized command-line option ‘--c++’


Compiling the CXX compiler identification source file "CMakeCXXCompilerId.cpp" failed.
Compiler: /usr/bin/c++ 
Build flags: ;-g;-WALL;-O3;-std=c++11
Id flags: --ec++ 

The output was:
1
c++: error: unrecognized command-line option ‘-WALL’
c++: error: unrecognized command-line option ‘--ec++’; did you mean ‘-Weffc++’?


Compiling the CXX compiler identification source file "CMakeCXXCompilerId.cpp" failed.
Compiler: /usr/bin/c++ 
Build flags: ;-g;-WALL;-O3;-std=c++11
Id flags: --target=arm-arm-none-eabi;-mcpu=cortex-m3 

The output was:
1
c++: warning: ‘-mcpu=’ is deprecated; use ‘-mtune=’ or ‘-march=’ instead
c++: error: unrecognized command-line option ‘-WALL’
c++: error: unrecognized command-line option ‘--target=arm-arm-none-eabi’


Compiling the CXX compiler identification source file "CMakeCXXCompilerId.cpp" failed.
Compiler: /usr/bin/c++ 
Build flags: ;-g;-WALL;-O3;-std=c++11
Id flags: -c;-I__does_not_exist__ 

The output was:
1
c++: error: unrecognized command-line option ‘-WALL’


Detecting CXX compiler ABI info failed to compile with the following output:
Change Dir: /home/bearkiller/dev/CLE/General Problems/single-threaded/CMakeFiles/CMakeTmp

Run Build Command(s):/usr/bin/make -f Makefile cmTC_16171/fast && /usr/bin/make  -f CMakeFiles/cmTC_16171.dir/build.make CMakeFiles/cmTC_16171.dir/build
make[1]: Entering directory '/home/bearkiller/dev/CLE/General Problems/single-threaded/CMakeFiles/CMakeTmp'
Building CXX object CMakeFiles/cmTC_16171.dir/CMakeCXXCompilerABI.cpp.o
/usr/bin/c++   -g -WALL -O3 -std=c++11    -v -o CMakeFiles/cmTC_16171.dir/CMakeCXXCompilerABI.cpp.o -c /usr/share/cmake/Modules/CMakeCXXCompilerABI.cpp
Using built-in specs.
COLLECT_GCC=/usr/bin/c++
c++: error: unrecognized command-line option '-WALL'
Target: x86_64-pc-linux-gnu
Configured with: /build/gcc/src/gcc/configure --enable-languages=c,c++,ada,fortran,go,lto,objc,obj-c++,d --enable-bootstrap --prefix=/usr --libdir=/usr/lib --libexecdir=/usr/lib --mandir=/usr/share/man --infodir=/usr/share/info --with-bugurl=https://bugs.archlinux.org/ --with-linker-hash-style=gnu --with-system-zlib --enable-__cxa_atexit --enable-cet=auto --enable-checking=release --enable-clocale=gnu --enable-default-pie --enable-default-ssp --enable-gnu-indirect-function --enable-gnu-unique-object --enable-linker-build-id --enable-lto --enable-multilib --enable-plugin --enable-shared --enable-threads=posix --disable-libssp --disable-libstdcxx-pch --disable-werror --with-build-config=bootstrap-lto --enable-link-serialization=1 gdc_include_dir=/usr/include/dlang/gdc
Thread model: posix
Supported LTO compression algorithms: zlib zstd
gcc version 11.2.0 (GCC) 
make[1]: *** [CMakeFiles/cmTC_16171.dir/build.make:78: CMakeFiles/cmTC_16171.dir/CMakeCXXCompilerABI.cpp.o] Error 1
make[1]: Leaving directory '/home/bearkiller/dev/CLE/General Problems/single-threaded/CMakeFiles/CMakeTmp'
make: *** [Makefile:127: cmTC_16171/fast] Error 2




Determining if the CXX compiler works failed with the following output:
Change Dir: /home/bearkiller/dev/CLE/General Problems/single-threaded/CMakeFiles/CMakeTmp

Run Build Command(s):/usr/bin/make -f Makefile cmTC_a3223/fast && /usr/bin/make  -f CMakeFiles/cmTC_a3223.dir/build.make CMakeFiles/cmTC_a3223.dir/build
make[1]: Entering directory '/home/bearkiller/dev/CLE/General Problems/single-threaded/CMakeFiles/CMakeTmp'
Building CXX object CMakeFiles/cmTC_a3223.dir/testCXXCompiler.cxx.o
/usr/bin/c++   -g -WALL -O3 -std=c++11  -o CMakeFiles/cmTC_a3223.dir/testCXXCompiler.cxx.o -c "/home/bearkiller/dev/CLE/General Problems/single-threaded/CMakeFiles/CMakeTmp/testCXXCompiler.cxx"
c++: error: unrecognized command-line option ‘-WALL’
make[1]: *** [CMakeFiles/cmTC_a3223.dir/build.make:78: CMakeFiles/cmTC_a3223.dir/testCXXCompiler.cxx.o] Error 1
make[1]: Leaving directory '/home/bearkiller/dev/CLE/General Problems/single-threaded/CMakeFiles/CMakeTmp'
make: *** [Makefile:127: cmTC_a3223/fast] Error 2



Compiling the CXX compiler identification source file "CMakeCXXCompilerId.cpp" failed.
Compiler: /usr/bin/c++ 
Build flags: ;-g;-WALL;-O3;-std=c++11
Id flags:  

The output was:
1
c++: error: unrecognized command-line option ‘-WALL’


Compiling the CXX compiler identification source file "CMakeCXXCompilerId.cpp" failed.
Compiler: /usr/bin/c++ 
Build flags: ;-g;-WALL;-O3;-std=c++11
Id flags: -c 

The output was:
1
c++: error: unrecognized command-line option ‘-WALL’


Compiling the CXX compiler identification source file "CMakeCXXCompilerId.cpp" failed.
Compiler: /usr/bin/c++ 
Build flags: ;-g;-WALL;-O3;-std=c++11
Id flags: --c++ 

The output was:
1
c++: error: unrecognized command-line option ‘-WALL’
c++: error: unrecognized command-line option ‘--c++’


Compiling the CXX compiler identification source file "CMakeCXXCompilerId.cpp" failed.
Compiler: /usr/bin/c++ 
Build flags: ;-g;-WALL;-O3;-std=c++11
Id flags: --ec++ 

The output was:
1
c++: error: unrecognized command-line option ‘-WALL’
c++: error: unrecognized command-line option ‘--ec++’; did you mean ‘-Weffc++’?


Compiling the CXX compiler identification source file "CMakeCXXCompilerId.cpp" failed.
Compiler: /usr/bin/c++ 
Build flags: ;-g;-WALL;-O3;-std=c++11
Id flags: --target=arm-arm-none-eabi;-mcpu=cortex-m3 

The output was:
1
c++: warning: ‘-mcpu=’ is deprecated; use ‘-mtune=’ or ‘-march=’ instead
c++: error: unrecognized command-line option ‘-WALL’
c++: error: unrecognized command-line option ‘--target=arm-arm-none-eabi’


Compiling the CXX compiler identification source file "CMakeCXXCompilerId.cpp" failed.
Compiler: /usr/bin/c++ 
Build flags: ;-g;-WALL;-O3;-std=c++11
Id flags: -c;-I__does_not_exist__ 

The output was:
1
c++: error: unrecognized command-line option ‘-WALL’


Detecting CXX compiler ABI info failed to compile with the following output:
Change Dir: /home/bearkiller/dev/CLE/General Problems/single-threaded/CMakeFiles/CMakeTmp

Run Build Command(s):/usr/bin/make -f Makefile cmTC_bd1ba/fast && /usr/bin/make  -f CMakeFiles/cmTC_bd1ba.dir/build.make CMakeFiles/cmTC_bd1ba.dir/build
make[1]: Entering directory '/home/bearkiller/dev/CLE/General Problems/single-threaded/CMakeFiles/CMakeTmp'
Building CXX object CMakeFiles/cmTC_bd1ba.dir/CMakeCXXCompilerABI.cpp.o
/usr/bin/c++   -g -WALL -O3 -std=c++11    -v -o CMakeFiles/cmTC_bd1ba.dir/CMakeCXXCompilerABI.cpp.o -c /usr/share/cmake/Modules/CMakeCXXCompilerABI.cpp
Using built-in specs.
COLLECT_GCC=/usr/bin/c++
c++: error: unrecognized command-line option '-WALL'
Target: x86_64-pc-linux-gnu
Configured with: /build/gcc/src/gcc/configure --enable-languages=c,c++,ada,fortran,go,lto,objc,obj-c++,d --enable-bootstrap --prefix=/usr --libdir=/usr/lib --libexecdir=/usr/lib --mandir=/usr/share/man --infodir=/usr/share/info --with-bugurl=https://bugs.archlinux.org/ --with-linker-hash-style=gnu --with-system-zlib --enable-__cxa_atexit --enable-cet=auto --enable-checking=release --enable-clocale=gnu --enable-default-pie --enable-default-ssp --enable-gnu-indirect-function --enable-gnu-unique-object --enable-linker-build-id --enable-lto --enable-multilib --enable-plugin --enable-shared --enable-threads=posix --disable-libssp --disable-libstdcxx-pch --disable-werror --with-build-config=bootstrap-lto --enable-link-serialization=1 gdc_include_dir=/usr/include/dlang/gdc
Thread model: posix
Supported LTO compression algorithms: zlib zstd
gcc version 11.2.0 (GCC) 
make[1]: *** [CMakeFiles/cmTC_bd1ba.dir/build.make:78: CMakeFiles/cmTC_bd1ba.dir/CMakeCXXCompilerABI.cpp.o] Error 1
make[1]: Leaving directory '/home/bearkiller/dev/CLE/General Problems/single-threaded/CMakeFiles/CMakeTmp'
make: *** [Makefile:127: cmTC_bd1ba/fast] Error 2




Determining if the CXX compiler works failed with the following output:
Change Dir: /home/bearkiller/dev/CLE/General Problems/single-threaded/CMakeFiles/CMakeTmp

Run Build Command(s):/usr/bin/make -f Makefile cmTC_32cca/fast && /usr/bin/make  -f CMakeFiles/cmTC_32cca.dir/build.make CMakeFiles/cmTC_32cca.dir/build
make[1]: Entering directory '/home/bearkiller/dev/CLE/General Problems/single-threaded/CMakeFiles/CMakeTmp'
Building CXX object CMakeFiles/cmTC_32cca.dir/testCXXCompiler.cxx.o
/usr/bin/c++   -g -WALL -O3 -std=c++11  -o CMakeFiles/cmTC_32cca.dir/testCXXCompiler.cxx.o -c "/home/bearkiller/dev/CLE/General Problems/single-threaded/CMakeFiles/CMakeTmp/testCXXCompiler.cxx"
c++: error: unrecognized command-line option ‘-WALL’
make[1]: *** [CMakeFiles/cmTC_32cca.dir/build.make:78: CMakeFiles/cmTC_32cca.dir/testCXXCompiler.cxx.o] Error 1
make[1]: Leaving directory '/home/bearkiller/dev/CLE/General Problems/single-threaded/CMakeFiles/CMakeTmp'
make: *** [Makefile:127: cmTC_32cca/fast] Error 2



Compiling the CXX compiler identification source file "CMakeCXXCompilerId.cpp" failed.
Compiler: /usr/bin/c++ 
Build flags: ;-g;-WALL;-O3;-std=c++11
Id flags:  

The output was:
1
c++: error: unrecognized command-line option ‘-WALL’


Compiling the CXX compiler identification source file "CMakeCXXCompilerId.cpp" failed.
Compiler: /usr/bin/c++ 
Build flags: ;-g;-WALL;-O3;-std=c++11
Id flags: -c 

The output was:
1
c++: error: unrecognized command-line option ‘-WALL’


Compiling the CXX compiler identification source file "CMakeCXXCompilerId.cpp" failed.
Compiler: /usr/bin/c++ 
Build flags: ;-g;-WALL;-O3;-std=c++11
Id flags: --c++ 

The output was:
1
c++: error: unrecognized command-line option ‘-WALL’
c++: error: unrecognized command-line option ‘--c++’


Compiling the CXX compiler identification source file "CMakeCXXCompilerId.cpp" failed.
Compiler: /usr/bin/c++ 
Build flags: ;-g;-WALL;-O3;-std=c++11
Id flags: --ec++ 

The output was:
1
c++: error: unrecognized command-line option ‘-WALL’
c++: error: unrecognized command-line option ‘--ec++’; did you mean ‘-Weffc++’?


Compiling the CXX compiler identification source file "CMakeCXXCompilerId.cpp" failed.
Compiler: /usr/bin/c++ 
Build flags: ;-g;-WALL;-O3;-std=c++11
Id flags: --target=arm-arm-none-eabi;-mcpu=cortex-m3 

The output was:
1
c++: warning: ‘-mcpu=’ is deprecated; use ‘-mtune=’ or ‘-march=’ instead
c++: error: unrecognized command-line option ‘-WALL’
c++: error: unrecognized command-line option ‘--target=arm-arm-none-eabi’


Compiling the CXX compiler identification source file "CMakeCXXCompilerId.cpp" failed.
Compiler: /usr/bin/c++ 
Build flags: ;-g;-WALL;-O3;-std=c++11
Id flags: -c;-I__does_not_exist__ 

The output was:
1
c++: error: unrecognized command-line option ‘-WALL’


Detecting CXX compiler ABI info failed to compile with the following output:
Change Dir: /home/bearkiller/dev/CLE/General Problems/single-threaded/CMakeFiles/CMakeTmp

Run Build Command(s):/usr/bin/make -f Makefile cmTC_7835e/fast && /usr/bin/make  -f CMakeFiles/cmTC_7835e.dir/build.make CMakeFiles/cmTC_7835e.dir/build
make[1]: Entering directory '/home/bearkiller/dev/CLE/General Problems/single-threaded/CMakeFiles/CMakeTmp'
Building CXX object CMakeFiles/cmTC_7835e.dir/CMakeCXXCompilerABI.cpp.o
/usr/bin/c++   -g -WALL -O3 -std=c++11    -v -o CMakeFiles/cmTC_7835e.dir/CMakeCXXCompilerABI.cpp.o -c /usr/share/cmake/Modules/CMakeCXXCompilerABI.cpp
Using built-in specs.
COLLECT_GCC=/usr/bin/c++
c++: error: unrecognized command-line option '-WALL'
Target: x86_64-pc-linux-gnu
Configured with: /build/gcc/src/gcc/configure --enable-languages=c,c++,ada,fortran,go,lto,objc,obj-c++,d --enable-bootstrap --prefix=/usr --libdir=/usr/lib --libexecdir=/usr/lib --mandir=/usr/share/man --infodir=/usr/share/info --with-bugurl=https://bugs.archlinux.org/ --with-linker-hash-style=gnu --with-system-zlib --enable-__cxa_atexit --enable-cet=auto --enable-checking=release --enable-clocale=gnu --enable-default-pie --enable-default-ssp --enable-gnu-indirect-function --enable-gnu-unique-object --enable-linker-build-id --enable-lto --enable-multilib --enable-plugin --enable-shared --enable-threads=posix --disable-libssp --disable-libstdcxx-pch --disable-werror --with-build-config=bootstrap-lto --enable-link-serialization=1 gdc_include_dir=/usr/include/dlang/gdc
Thread model: posix
Supported LTO compression algorithms: zlib zstd
gcc version 11.2.0 (GCC) 
make[1]: *** [CMakeFiles/cmTC_7835e.dir/build.make:78: CMakeFiles/cmTC_7835e.dir/CMakeCXXCompilerABI.cpp.o] Error 1
make[1]: Leaving directory '/home/bearkiller/dev/CLE/General Problems/single-threaded/CMakeFiles/CMakeTmp'
make: *** [Makefile:127: cmTC_7835e/fast] Error 2




Determining if the CXX compiler works failed with the following output:
Change Dir: /home/bearkiller/dev/CLE/General Problems/single-threaded/CMakeFiles/CMakeTmp

Run Build Command(s):/usr/bin/make -f Makefile cmTC_7d908/fast && /usr/bin/make  -f CMakeFiles/cmTC_7d908.dir/build.make CMakeFiles/cmTC_7d908.dir/build
make[1]: Entering directory '/home/bearkiller/dev/CLE/General Problems/single-threaded/CMakeFiles/CMakeTmp'
Building CXX object CMakeFiles/cmTC_7d908.dir/testCXXCompiler.cxx.o
/usr/bin/c++   -g -WALL -O3 -std=c++11  -o CMakeFiles/cmTC_7d908.dir/testCXXCompiler.cxx.o -c "/home/bearkiller/dev/CLE/General Problems/single-threaded/CMakeFiles/CMakeTmp/testCXXCompiler.cxx"
c++: error: unrecognized command-line option ‘-WALL’
make[1]: *** [CMakeFiles/cmTC_7d908.dir/build.make:78: CMakeFiles/cmTC_7d908.dir/testCXXCompiler.cxx.o] Error 1
make[1]: Leaving directory '/home/bearkiller/dev/CLE/General Problems/single-threaded/CMakeFiles/CMakeTmp'
make: *** [Makefile:127: cmTC_7d908/fast] Error 2



Compiling the CXX compiler identification source file "CMakeCXXCompilerId.cpp" failed.
Compiler: /usr/bin/c++ 
Build flags: ;-g;-WALL;-O3;-std=c++11
Id flags:  

The output was:
1
c++: error: unrecognized command-line option ‘-WALL’


Compiling the CXX compiler identification source file "CMakeCXXCompilerId.cpp" failed.
Compiler: /usr/bin/c++ 
Build flags: ;-g;-WALL;-O3;-std=c++11
Id flags: -c 

The output was:
1
c++: error: unrecognized command-line option ‘-WALL’


Compiling the CXX compiler identification source file "CMakeCXXCompilerId.cpp" failed.
Compiler: /usr/bin/c++ 
Build flags: ;-g;-WALL;-O3;-std=c++11
Id flags: --c++ 

The output was:
1
c++: error: unrecognized command-line option ‘-WALL’
c++: error: unrecognized command-line option ‘--c++’


Compiling the CXX compiler identification source file "CMakeCXXCompilerId.cpp" failed.
Compiler: /usr/bin/c++ 
Build flags: ;-g;-WALL;-O3;-std=c++11
Id flags: --ec++ 

The output was:
1
c++: error: unrecognized command-line option ‘-WALL’
c++: error: unrecognized command-line option ‘--ec++’; did you mean ‘-Weffc++’?


Compiling the CXX compiler identification source file "CMakeCXXCompilerId.cpp" failed.
Compiler: /usr/bin/c++ 
Build flags: ;-g;-WALL;-O3;-std=c++11
Id flags: --target=arm-arm-none-eabi;-mcpu=cortex-m3 

The output was:
1
c++: warning: ‘-mcpu=’ is deprecated; use ‘-mtune=’ or ‘-march=’ instead
c++: error: unrecognized command-line option ‘-WALL’
c++: error: unrecognized command-line option ‘--target=arm-arm-none-eabi’


Compiling the CXX compiler identification source file "CMakeCXXCompilerId.cpp" failed.
Compiler: /usr/bin/c++ 
Build flags: ;-g;-WALL;-O3;-std=c++11
Id flags: -c;-I__does_not_exist__ 

The output was:
1
c++: error: unrecognized command-line option ‘-WALL’


Detecting CXX compiler ABI info failed to compile with the following output:
Change Dir: /home/bearkiller/dev/CLE/General Problems/single-threaded/CMakeFiles/CMakeTmp

Run Build Command(s):/usr/bin/make -f Makefile cmTC_b7fc5/fast && /usr/bin/make  -f CMakeFiles/cmTC_b7fc5.dir/build.make CMakeFiles/cmTC_b7fc5.dir/build
make[1]: Entering directory '/home/bearkiller/dev/CLE/General Problems/single-threaded/CMakeFiles/CMakeTmp'
Building CXX object CMakeFiles/cmTC_b7fc5.dir/CMakeCXXCompilerABI.cpp.o
/usr/bin/c++   -g -WALL -O3 -std=c++11    -v -o CMakeFiles/cmTC_b7fc5.dir/CMakeCXXCompilerABI.cpp.o -c /usr/share/cmake/Modules/CMakeCXXCompilerABI.cpp
Using built-in specs.
COLLECT_GCC=/usr/bin/c++
c++: error: unrecognized command-line option '-WALL'
Target: x86_64-pc-linux-gnu
Configured with: /build/gcc/src/gcc/configure --enable-languages=c,c++,ada,fortran,go,lto,objc,obj-c++,d --enable-bootstrap --prefix=/usr --libdir=/usr/lib --libexecdir=/usr/lib --mandir=/usr/share/man --infodir=/usr/share/info --with-bugurl=https://bugs.archlinux.org/ --with-linker-hash-style=gnu --with-system-zlib --enable-__cxa_atexit --enable-cet=auto --enable-checking=release --enable-clocale=gnu --enable-default-pie --enable-default-ssp --enable-gnu-indirect-function --enable-gnu-unique-object --enable-linker-build-id --enable-lto --enable-multilib --enable-plugin --enable-shared --enable-threads=posix --disable-libssp --disable-libstdcxx-pch --disable-werror --with-build-config=bootstrap-lto --enable-link-serialization=1 gdc_include_dir=/usr/include/dlang/gdc
Thread model: posix
Supported LTO compression algorithms: zlib zstd
gcc version 11.2.0 (GCC) 
make[1]: *** [CMakeFiles/cmTC_b7fc5.dir/build.make:78: CMakeFiles/cmTC_b7fc5.dir/CMakeCXXCompilerABI.cpp.o] Error 1
make[1]: Leaving directory '/home/bearkiller/dev/CLE/General Problems/single-threaded/CMakeFiles/CMakeTmp'
make: *** [Makefile:127: cmTC_b7fc5/fast] Error 2




Determining if the CXX compiler works failed with the following output:
Change Dir: /home/bearkiller/dev/CLE/General Problems/single-threaded/CMakeFiles/CMakeTmp

Run Build Command(s):/usr/bin/make -f Makefile cmTC_6dda9/fast && /usr/bin/make  -f CMakeFiles/cmTC_6dda9.dir/build.make CMakeFiles/cmTC_6dda9.dir/build
make[1]: Entering directory '/home/bearkiller/dev/CLE/General Problems/single-threaded/CMakeFiles/CMakeTmp'
Building CXX object CMakeFiles/cmTC_6dda9.dir/testCXXCompiler.cxx.o
/usr/bin/c++   -g -WALL -O3 -std=c++11  -o CMakeFiles/cmTC_6dda9.dir/testCXXCompiler.cxx.o -c "/home/bearkiller/dev/CLE/General Problems/single-threaded/CMakeFiles/CMakeTmp/testCXXCompiler.cxx"
c++: error: unrecognized command-line option ‘-WALL’
make[1]: *** [CMakeFiles/cmTC_6dda9.dir/build.make:78: CMakeFiles/cmTC_6dda9.dir/testCXXCompiler.cxx.o] Error 1
make[1]: Leaving directory '/home/bearkiller/dev/CLE/General Problems/single-threaded/CMakeFiles/CMakeTmp'
make: *** [Makefile:127: cmTC_6dda9/fast] Error 2



Compiling the CXX compiler identification source file "CMakeCXXCompilerId.cpp" failed.
Compiler: /usr/bin/c++ 
Build flags: ;-g;-WALL;-O3;-std=c++11
Id flags:  

The output was:
1
c++: error: unrecognized command-line option ‘-WALL’


Compiling the CXX compiler identification source file "CMakeCXXCompilerId.cpp" failed.
Compiler: /usr/bin/c++ 
Build flags: ;-g;-WALL;-O3;-std=c++11
Id flags: -c 

The output was:
1
c++: error: unrecognized command-line option ‘-WALL’


Compiling the CXX compiler identification source file "CMakeCXXCompilerId.cpp" failed.
Compiler: /usr/bin/c++ 
Build flags: ;-g;-WALL;-O3;-std=c++11
Id flags: --c++ 

The output was:
1
c++: error: unrecognized command-line option ‘-WALL’
c++: error: unrecognized command-line option ‘--c++’


Compiling the CXX compiler identification source file "CMakeCXXCompilerId.cpp" failed.
Compiler: /usr/bin/c++ 
Build flags: ;-g;-WALL;-O3;-std=c++11
Id flags: --ec++ 

The output was:
1
c++: error: unrecognized command-line option ‘-WALL’
c++: error: unrecognized command-line option ‘--ec++’; did you mean ‘-Weffc++’?


Compiling the CXX compiler identification source file "CMakeCXXCompilerId.cpp" failed.
Compiler: /usr/bin/c++ 
Build flags: ;-g;-WALL;-O3;-std=c++11
Id flags: --target=arm-arm-none-eabi;-mcpu=cortex-m3 

The output was:
1
c++: warning: ‘-mcpu=’ is deprecated; use ‘-mtune=’ or ‘-march=’ instead
c++: error: unrecognized command-line option ‘-WALL’
c++: error: unrecognized command-line option ‘--target=arm-arm-none-eabi’


Compiling the CXX compiler identification source file "CMakeCXXCompilerId.cpp" failed.
Compiler: /usr/bin/c++ 
Build flags: ;-g;-WALL;-O3;-std=c++11
Id flags: -c;-I__does_not_exist__ 

The output was:
1
c++: error: unrecognized command-line option ‘-WALL’


Detecting CXX compiler ABI info failed to compile with the following output:
Change Dir: /home/bearkiller/dev/CLE/General Problems/single-threaded/CMakeFiles/CMakeTmp

Run Build Command(s):/usr/bin/make -f Makefile cmTC_50759/fast && /usr/bin/make  -f CMakeFiles/cmTC_50759.dir/build.make CMakeFiles/cmTC_50759.dir/build
make[1]: Entering directory '/home/bearkiller/dev/CLE/General Problems/single-threaded/CMakeFiles/CMakeTmp'
Building CXX object CMakeFiles/cmTC_50759.dir/CMakeCXXCompilerABI.cpp.o
/usr/bin/c++   -g -WALL -O3 -std=c++11    -v -o CMakeFiles/cmTC_50759.dir/CMakeCXXCompilerABI.cpp.o -c /usr/share/cmake/Modules/CMakeCXXCompilerABI.cpp
Using built-in specs.
COLLECT_GCC=/usr/bin/c++
c++: error: unrecognized command-line option '-WALL'
Target: x86_64-pc-linux-gnu
Configured with: /build/gcc/src/gcc/configure --enable-languages=c,c++,ada,fortran,go,lto,objc,obj-c++,d --enable-bootstrap --prefix=/usr --libdir=/usr/lib --libexecdir=/usr/lib --mandir=/usr/share/man --infodir=/usr/share/info --with-bugurl=https://bugs.archlinux.org/ --with-linker-hash-style=gnu --with-system-zlib --enable-__cxa_atexit --enable-cet=auto --enable-checking=release --enable-clocale=gnu --enable-default-pie --enable-default-ssp --enable-gnu-indirect-function --enable-gnu-unique-object --enable-linker-build-id --enable-lto --enable-multilib --enable-plugin --enable-shared --enable-threads=posix --disable-libssp --disable-libstdcxx-pch --disable-werror --with-build-config=bootstrap-lto --enable-link-serialization=1 gdc_include_dir=/usr/include/dlang/gdc
Thread model: posix
Supported LTO compression algorithms: zlib zstd
gcc version 11.2.0 (GCC) 
make[1]: *** [CMakeFiles/cmTC_50759.dir/build.make:78: CMakeFiles/cmTC_50759.dir/CMakeCXXCompilerABI.cpp.o] Error 1
make[1]: Leaving directory '/home/bearkiller/dev/CLE/General Problems/single-threaded/CMakeFiles/CMakeTmp'
make: *** [Makefile:127: cmTC_50759/fast] Error 2




Determining if the CXX compiler works failed with the following output:
Change Dir: /home/bearkiller/dev/CLE/General Problems/single-threaded/CMakeFiles/CMakeTmp

Run Build Command(s):/usr/bin/make -f Makefile cmTC_e1747/fast && /usr/bin/make  -f CMakeFiles/cmTC_e1747.dir/build.make CMakeFiles/cmTC_e1747.dir/build
make[1]: Entering directory '/home/bearkiller/dev/CLE/General Problems/single-threaded/CMakeFiles/CMakeTmp'
Building CXX object CMakeFiles/cmTC_e1747.dir/testCXXCompiler.cxx.o
/usr/bin/c++   -g -WALL -O3 -std=c++11  -o CMakeFiles/cmTC_e1747.dir/testCXXCompiler.cxx.o -c "/home/bearkiller/dev/CLE/General Problems/single-threaded/CMakeFiles/CMakeTmp/testCXXCompiler.cxx"
c++: error: unrecognized command-line option ‘-WALL’
make[1]: *** [CMakeFiles/cmTC_e1747.dir/build.make:78: CMakeFiles/cmTC_e1747.dir/testCXXCompiler.cxx.o] Error 1
make[1]: Leaving directory '/home/bearkiller/dev/CLE/General Problems/single-threaded/CMakeFiles/CMakeTmp'
make: *** [Makefile:127: cmTC_e1747/fast] Error 2



